# JRE version: Java(TM) SE Runtime Environment (11.0.2+9) (build 11.0.2+9-LTS)
# Java VM: Java HotSpot(TM) 64-Bit Server VM (11.0.2+9-LTS, mixed mode, tiered, compressed oops, g1 gc, linux-amd64)
Heap:
 garbage-first heap   total 258048K, used 40219K [0x0000000705200000, 0x0000000800000000)
  region size 1024K, 32 young (32768K), 5 survivors (5120K)
 Metaspace       used 33679K, capacity 34446K, committed 34812K, reserved 1079296K
  class space    used 3929K, capacity 4267K, committed 4348K, reserved 1048576K
GC Heap History (8 events):
Event: 0,644 GC heap before
{Heap before GC invocations=0 (full 0):
 garbage-first heap   total 258048K, used 23552K [0x0000000705200000, 0x0000000800000000)
  region size 1024K, 24 young (24576K), 0 survivors (0K)
 Metaspace       used 11031K, capacity 11286K, committed 11392K, reserved 1058816K
  class space    used 1051K, capacity 1100K, committed 1152K, reserved 1048576K
}
Event: 0,650 GC heap after
{Heap after GC invocations=1 (full 0):
 garbage-first heap   total 258048K, used 6771K [0x0000000705200000, 0x0000000800000000)
  region size 1024K, 3 young (3072K), 3 survivors (3072K)
 Metaspace       used 11031K, capacity 11286K, committed 11392K, reserved 1058816K
  class space    used 1051K, capacity 1100K, committed 1152K, reserved 1048576K
}
Event: 1,406 GC heap before
{Heap before GC invocations=1 (full 0):
 garbage-first heap   total 258048K, used 70259K [0x0000000705200000, 0x0000000800000000)
  region size 1024K, 67 young (68608K), 3 survivors (3072K)
 Metaspace       used 20706K, capacity 21194K, committed 21248K, reserved 1069056K
  class space    used 2349K, capacity 2540K, committed 2560K, reserved 1048576K
}
Event: 1,447 GC heap after
{Heap after GC invocations=2 (full 0):
 garbage-first heap   total 258048K, used 9508K [0x0000000705200000, 0x0000000800000000)
  region size 1024K, 6 young (6144K), 6 survivors (6144K)
 Metaspace       used 20706K, capacity 21194K, committed 21248K, reserved 1069056K
  class space    used 2349K, capacity 2540K, committed 2560K, reserved 1048576K
}
Event: 1,639 GC heap before
{Heap before GC invocations=3 (full 0):
 garbage-first heap   total 258048K, used 24868K [0x0000000705200000, 0x0000000800000000)
  region size 1024K, 22 young (22528K), 6 survivors (6144K)
 Metaspace       used 23662K, capacity 24153K, committed 24444K, reserved 1071104K
  class space    used 2695K, capacity 2908K, committed 2940K, reserved 1048576K
}
Event: 1,646 GC heap after
{Heap after GC invocations=4 (full 0):
 garbage-first heap   total 258048K, used 9901K [0x0000000705200000, 0x0000000800000000)
  region size 1024K, 1 young (1024K), 1 survivors (1024K)
 Metaspace       used 23662K, capacity 24153K, committed 24444K, reserved 1071104K
  class space    used 2695K, capacity 2908K, committed 2940K, reserved 1048576K
}
Event: 2,777 GC heap before
{Heap before GC invocations=4 (full 0):
 garbage-first heap   total 258048K, used 82605K [0x0000000705200000, 0x0000000800000000)
  region size 1024K, 73 young (74752K), 1 survivors (1024K)
 Metaspace       used 33242K, capacity 34007K, committed 34172K, reserved 1079296K
  class space    used 3873K, capacity 4193K, committed 4220K, reserved 1048576K
}
Event: 2,784 GC heap after
{Heap after GC invocations=5 (full 0):
 garbage-first heap   total 258048K, used 13595K [0x0000000705200000, 0x0000000800000000)
  region size 1024K, 5 young (5120K), 5 survivors (5120K)
 Metaspace       used 33242K, capacity 34007K, committed 34172K, reserved 1079296K
  class space    used 3873K, capacity 4193K, committed 4220K, reserved 1048576K
}

