# JRE version: Java(TM) SE Runtime Environment (11.0.2+9) (build 11.0.2+9-LTS)
# Java VM: Java HotSpot(TM) 64-Bit Server VM (11.0.2+9-LTS, mixed mode, tiered, compressed oops, g1 gc, linux-amd64)
Heap:
 garbage-first heap   total 310272K, used 85173K [0x0000000705200000, 0x0000000800000000)
  region size 1024K, 38 young (38912K), 14 survivors (14336K)
 Metaspace       used 37099K, capacity 38241K, committed 38556K, reserved 1083392K
  class space    used 3951K, capacity 4310K, committed 4352K, reserved 1048576K
GC Heap History (10 events):
Event: 1,741 GC heap before
{Heap before GC invocations=3 (full 0):
 garbage-first heap   total 258048K, used 74678K [0x0000000705200000, 0x0000000800000000)
  region size 1024K, 73 young (74752K), 6 survivors (6144K)
 Metaspace       used 21969K, capacity 22359K, committed 22704K, reserved 1069056K
  class space    used 2339K, capacity 2439K, committed 2560K, reserved 1048576K
}
Event: 1,751 GC heap after
{Heap after GC invocations=4 (full 0):
 garbage-first heap   total 258048K, used 14415K [0x0000000705200000, 0x0000000800000000)
  region size 1024K, 10 young (10240K), 10 survivors (10240K)
 Metaspace       used 21969K, capacity 22359K, committed 22704K, reserved 1069056K
  class space    used 2339K, capacity 2439K, committed 2560K, reserved 1048576K
}
Event: 2,045 GC heap before
{Heap before GC invocations=4 (full 0):
 garbage-first heap   total 258048K, used 97359K [0x0000000705200000, 0x0000000800000000)
  region size 1024K, 91 young (93184K), 10 survivors (10240K)
 Metaspace       used 22352K, capacity 22715K, committed 23216K, reserved 1071104K
  class space    used 2349K, capacity 2450K, committed 2560K, reserved 1048576K
}
Event: 2,058 GC heap after
{Heap after GC invocations=5 (full 0):
 garbage-first heap   total 258048K, used 23387K [0x0000000705200000, 0x0000000800000000)
  region size 1024K, 9 young (9216K), 9 survivors (9216K)
 Metaspace       used 22352K, capacity 22715K, committed 23216K, reserved 1071104K
  class space    used 2349K, capacity 2450K, committed 2560K, reserved 1048576K
}
Event: 2,574 GC heap before
{Heap before GC invocations=5 (full 0):
 garbage-first heap   total 258048K, used 127835K [0x0000000705200000, 0x0000000800000000)
  region size 1024K, 111 young (113664K), 9 survivors (9216K)
 Metaspace       used 26001K, capacity 26771K, committed 27184K, reserved 1073152K
  class space    used 2735K, capacity 2928K, committed 2944K, reserved 1048576K
}
Event: 2,582 GC heap after
{Heap after GC invocations=6 (full 0):
 garbage-first heap   total 310272K, used 30031K [0x0000000705200000, 0x0000000800000000)
  region size 1024K, 6 young (6144K), 6 survivors (6144K)
 Metaspace       used 26001K, capacity 26771K, committed 27184K, reserved 1073152K
  class space    used 2735K, capacity 2928K, committed 2944K, reserved 1048576K
}
Event: 3,417 GC heap before
{Heap before GC invocations=6 (full 0):
 garbage-first heap   total 310272K, used 190799K [0x0000000705200000, 0x0000000800000000)
  region size 1024K, 163 young (166912K), 6 survivors (6144K)
 Metaspace       used 34703K, capacity 35609K, committed 35888K, reserved 1081344K
  class space    used 3718K, capacity 3956K, committed 3968K, reserved 1048576K
}
Event: 3,453 GC heap after
{Heap after GC invocations=7 (full 0):
 garbage-first heap   total 310272K, used 50405K [0x0000000705200000, 0x0000000800000000)
  region size 1024K, 23 young (23552K), 23 survivors (23552K)
 Metaspace       used 34703K, capacity 35609K, committed 35888K, reserved 1081344K
  class space    used 3718K, capacity 3956K, committed 3968K, reserved 1048576K
}
Event: 4,177 GC heap before
{Heap before GC invocations=8 (full 0):
 garbage-first heap   total 310272K, used 212197K [0x0000000705200000, 0x0000000800000000)
  region size 1024K, 178 young (182272K), 23 survivors (23552K)
 Metaspace       used 36987K, capacity 38087K, committed 38300K, reserved 1083392K
  class space    used 3942K, capacity 4300K, committed 4352K, reserved 1048576K
}
Event: 4,195 GC heap after
{Heap after GC invocations=9 (full 0):
 garbage-first heap   total 310272K, used 62645K [0x0000000705200000, 0x0000000800000000)
  region size 1024K, 14 young (14336K), 14 survivors (14336K)
 Metaspace       used 36987K, capacity 38087K, committed 38300K, reserved 1083392K
  class space    used 3942K, capacity 4300K, committed 4352K, reserved 1048576K
}

