# JRE version: Java(TM) SE Runtime Environment (11.0.2+9) (build 11.0.2+9-LTS)
# Java VM: Java HotSpot(TM) 64-Bit Server VM (11.0.2+9-LTS, mixed mode, tiered, compressed oops, g1 gc, linux-amd64)
Heap:
 garbage-first heap   total 258048K, used 61179K [0x0000000705200000, 0x0000000800000000)
  region size 1024K, 56 young (57344K), 6 survivors (6144K)
 Metaspace       used 29596K, capacity 30196K, committed 30332K, reserved 1075200K
  class space    used 3398K, capacity 3629K, committed 3708K, reserved 1048576K
GC Heap History (6 events):
Event: 0,470 GC heap before
{Heap before GC invocations=0 (full 0):
 garbage-first heap   total 258048K, used 24576K [0x0000000705200000, 0x0000000800000000)
  region size 1024K, 24 young (24576K), 0 survivors (0K)
 Metaspace       used 11068K, capacity 11318K, committed 11392K, reserved 1058816K
  class space    used 1057K, capacity 1132K, committed 1152K, reserved 1048576K
}
Event: 0,474 GC heap after
{Heap after GC invocations=1 (full 0):
 garbage-first heap   total 258048K, used 8740K [0x0000000705200000, 0x0000000800000000)
  region size 1024K, 3 young (3072K), 3 survivors (3072K)
 Metaspace       used 11068K, capacity 11318K, committed 11392K, reserved 1058816K
  class space    used 1057K, capacity 1132K, committed 1152K, reserved 1048576K
}
Event: 0,646 GC heap before
{Heap before GC invocations=1 (full 0):
 garbage-first heap   total 258048K, used 61988K [0x0000000705200000, 0x0000000800000000)
  region size 1024K, 56 young (57344K), 3 survivors (3072K)
 Metaspace       used 13070K, capacity 13369K, committed 13440K, reserved 1060864K
  class space    used 1296K, capacity 1394K, committed 1408K, reserved 1048576K
}
Event: 0,658 GC heap after
{Heap after GC invocations=2 (full 0):
 garbage-first heap   total 258048K, used 9231K [0x0000000705200000, 0x0000000800000000)
  region size 1024K, 4 young (4096K), 4 survivors (4096K)
 Metaspace       used 13070K, capacity 13369K, committed 13440K, reserved 1060864K
  class space    used 1296K, capacity 1394K, committed 1408K, reserved 1048576K
}
Event: 0,999 GC heap before
{Heap before GC invocations=2 (full 0):
 garbage-first heap   total 258048K, used 56335K [0x0000000705200000, 0x0000000800000000)
  region size 1024K, 51 young (52224K), 4 survivors (4096K)
 Metaspace       used 20693K, capacity 21151K, committed 21248K, reserved 1069056K
  class space    used 2351K, capacity 2523K, committed 2560K, reserved 1048576K
}
Event: 1,005 GC heap after
{Heap after GC invocations=3 (full 0):
 garbage-first heap   total 258048K, used 11003K [0x0000000705200000, 0x0000000800000000)
  region size 1024K, 6 young (6144K), 6 survivors (6144K)
 Metaspace       used 20693K, capacity 21151K, committed 21248K, reserved 1069056K
  class space    used 2351K, capacity 2523K, committed 2560K, reserved 1048576K
}

