# JRE version: Java(TM) SE Runtime Environment (11.0.2+9) (build 11.0.2+9-LTS)
# Java VM: Java HotSpot(TM) 64-Bit Server VM (11.0.2+9-LTS, mixed mode, tiered, compressed oops, g1 gc, linux-amd64)
Heap:
 garbage-first heap   total 258048K, used 65187K [0x0000000705200000, 0x0000000800000000)
  region size 1024K, 56 young (57344K), 1 survivors (1024K)
 Metaspace       used 32048K, capacity 32829K, committed 33148K, reserved 1079296K
  class space    used 3747K, capacity 4081K, committed 4220K, reserved 1048576K
GC Heap History (6 events):
Event: 0,585 GC heap before
{Heap before GC invocations=0 (full 0):
 garbage-first heap   total 258048K, used 23552K [0x0000000705200000, 0x0000000800000000)
  region size 1024K, 24 young (24576K), 0 survivors (0K)
 Metaspace       used 11450K, capacity 11610K, committed 12032K, reserved 1060864K
  class space    used 1108K, capacity 1166K, committed 1280K, reserved 1048576K
}
Event: 0,596 GC heap after
{Heap after GC invocations=1 (full 0):
 garbage-first heap   total 258048K, used 6756K [0x0000000705200000, 0x0000000800000000)
  region size 1024K, 3 young (3072K), 3 survivors (3072K)
 Metaspace       used 11450K, capacity 11610K, committed 12032K, reserved 1060864K
  class space    used 1108K, capacity 1166K, committed 1280K, reserved 1048576K
}
Event: 1,094 GC heap before
{Heap before GC invocations=1 (full 0):
 garbage-first heap   total 258048K, used 70244K [0x0000000705200000, 0x0000000800000000)
  region size 1024K, 66 young (67584K), 3 survivors (3072K)
 Metaspace       used 20697K, capacity 21115K, committed 21248K, reserved 1069056K
  class space    used 2376K, capacity 2555K, committed 2560K, reserved 1048576K
}
Event: 1,105 GC heap after
{Heap after GC invocations=2 (full 0):
 garbage-first heap   total 258048K, used 9185K [0x0000000705200000, 0x0000000800000000)
  region size 1024K, 6 young (6144K), 6 survivors (6144K)
 Metaspace       used 20697K, capacity 21115K, committed 21248K, reserved 1069056K
  class space    used 2376K, capacity 2555K, committed 2560K, reserved 1048576K
}
Event: 1,237 GC heap before
{Heap before GC invocations=3 (full 0):
 garbage-first heap   total 258048K, used 31713K [0x0000000705200000, 0x0000000800000000)
  region size 1024K, 28 young (28672K), 6 survivors (6144K)
 Metaspace       used 24370K, capacity 24819K, committed 25084K, reserved 1071104K
  class space    used 2782K, capacity 2958K, committed 3068K, reserved 1048576K
}
Event: 1,245 GC heap after
{Heap after GC invocations=4 (full 0):
 garbage-first heap   total 258048K, used 9891K [0x0000000705200000, 0x0000000800000000)
  region size 1024K, 1 young (1024K), 1 survivors (1024K)
 Metaspace       used 24370K, capacity 24819K, committed 25084K, reserved 1071104K
  class space    used 2782K, capacity 2958K, committed 3068K, reserved 1048576K
}

